proguard/seeds.txt
com.guozha.buy.R$anim
com.guozha.buy.R$anim: int dialog_weight_select_in_from_bottom
com.guozha.buy.R$anim: int dialog_weight_select_out_from_bottom
com.guozha.buy.R$anim: int market_menu_in_anim
com.guozha.buy.R$anim: int market_menu_out_anim
com.guozha.buy.R$anim: int slide_in_left
com.guozha.buy.R$anim: int slide_in_right
com.guozha.buy.R$anim: int slide_out_left
com.guozha.buy.R$anim: int slide_out_right
com.guozha.buy.R$anim: int umeng_socialize_fade_in
com.guozha.buy.R$anim: int umeng_socialize_fade_out
com.guozha.buy.R$anim: int umeng_socialize_shareboard_animation_in
com.guozha.buy.R$anim: int umeng_socialize_shareboard_animation_out
com.guozha.buy.R$anim: int umeng_socialize_slide_in_from_bottom
com.guozha.buy.R$anim: int umeng_socialize_slide_out_from_bottom
com.guozha.buy.R$attr
com.guozha.buy.R$attr: int checkeditem
com.guozha.buy.R$attr: int color
com.guozha.buy.R$attr: int icon
com.guozha.buy.R$attr: int lighticon
com.guozha.buy.R$attr: int text
com.guozha.buy.R$attr: int text_size
com.guozha.buy.R$color
com.guozha.buy.R$color: int actionbar_bg_color
com.guozha.buy.R$color: int actionbar_text_color
com.guozha.buy.R$color: int actionbar_title_color
com.guozha.buy.R$color: int activity_splash_bg_color
com.guozha.buy.R$color: int app_base_hint_text_color
com.guozha.buy.R$color: int app_base_nomal_background_color
com.guozha.buy.R$color: int app_base_text_color
com.guozha.buy.R$color: int app_base_yellow_color
com.guozha.buy.R$color: int color_app_base_1
com.guozha.buy.R$color: int color_app_base_2
com.guozha.buy.R$color: int color_app_base_3
com.guozha.buy.R$color: int color_app_base_4
com.guozha.buy.R$color: int color_app_base_5
com.guozha.buy.R$color: int color_app_base_6
com.guozha.buy.R$color: int color_app_base_7
com.guozha.buy.R$color: int color_app_base_8
com.guozha.buy.R$color: int color_app_base_9
com.guozha.buy.R$color: int main_bottom_tab_bg_color
com.guozha.buy.R$color: int main_bottom_tab_item_bg_color
com.guozha.buy.R$color: int scroll_wheel_line_color
com.guozha.buy.R$color: int tb_munion_item_force
com.guozha.buy.R$color: int transparent
com.guozha.buy.R$color: int umeng_socialize_color_group
com.guozha.buy.R$color: int umeng_socialize_comments_bg
com.guozha.buy.R$color: int umeng_socialize_divider
com.guozha.buy.R$color: int umeng_socialize_edit_bg
com.guozha.buy.R$color: int umeng_socialize_grid_divider_line
com.guozha.buy.R$color: int umeng_socialize_list_item_bgcolor
com.guozha.buy.R$color: int umeng_socialize_list_item_textcolor
com.guozha.buy.R$dimen
com.guozha.buy.R$dimen: int actionbar_title_size
com.guozha.buy.R$dimen: int alphabet_size
com.guozha.buy.R$dimen: int app_base_text_size
com.guozha.buy.R$dimen: int app_big_text_size
com.guozha.buy.R$dimen: int app_nomal_text_size
com.guozha.buy.R$dimen: int app_small_text_size
com.guozha.buy.R$dimen: int dimen_global_12sp
com.guozha.buy.R$dimen: int dimen_global_14sp
com.guozha.buy.R$dimen: int dimen_global_16sp
com.guozha.buy.R$dimen: int dimen_global_18sp
com.guozha.buy.R$dimen: int dimen_global_20sp
com.guozha.buy.R$dimen: int dimen_global_30sp
com.guozha.buy.R$dimen: int dimen_global_39sp
com.guozha.buy.R$dimen: int dimen_global_60sp
com.guozha.buy.R$dimen: int umeng_socialize_pad_window_height
com.guozha.buy.R$dimen: int umeng_socialize_pad_window_width
...
com.tencent.mm.sdk.modelbase.BaseReq
com.tencent.mm.sdk.modelbase.BaseReq: java.lang.String transaction
com.tencent.mm.sdk.modelbase.BaseReq: java.lang.String openId
com.tencent.mm.sdk.modelbase.BaseReq: BaseReq()
com.tencent.mm.sdk.modelbase.BaseReq: int getType()
com.tencent.mm.sdk.modelbase.BaseReq: void toBundle(android.os.Bundle)
com.tencent.mm.sdk.modelbase.BaseReq: void fromBundle(android.os.Bundle)
com.tencent.mm.sdk.modelbase.BaseReq: boolean checkArgs()
com.tencent.mm.sdk.modelbase.BaseResp
com.tencent.mm.sdk.modelbase.BaseResp: int errCode
com.tencent.mm.sdk.modelbase.BaseResp: java.lang.String errStr
com.tencent.mm.sdk.modelbase.BaseResp: java.lang.String transaction
com.tencent.mm.sdk.modelbase.BaseResp: java.lang.String openId
com.tencent.mm.sdk.modelbase.BaseResp: BaseResp()
com.tencent.mm.sdk.modelbase.BaseResp: int getType()
com.tencent.mm.sdk.modelbase.BaseResp: void toBundle(android.os.Bundle)
com.tencent.mm.sdk.modelbase.BaseResp: void fromBundle(android.os.Bundle)
com.tencent.mm.sdk.modelbase.BaseResp: boolean checkArgs()
com.tencent.mm.sdk.modelbase.BaseResp$ErrCode
com.tencent.mm.sdk.modelbase.BaseResp$ErrCode: int ERR_OK
com.tencent.mm.sdk.modelbase.BaseResp$ErrCode: int ERR_COMM
com.tencent.mm.sdk.modelbase.BaseResp$ErrCode: int ERR_USER_CANCEL
com.tencent.mm.sdk.modelbase.BaseResp$ErrCode: int ERR_SENT_FAILED
com.tencent.mm.sdk.modelbase.BaseResp$ErrCode: int ERR_AUTH_DENIED
com.tencent.mm.sdk.modelbase.BaseResp$ErrCode: int ERR_UNSUPPORT
com.tencent.mm.sdk.modelmsg.GetMessageFromWX
com.tencent.mm.sdk.modelmsg.GetMessageFromWX: GetMessageFromWX()
com.tencent.mm.sdk.modelmsg.GetMessageFromWX$Req
com.tencent.mm.sdk.modelmsg.GetMessageFromWX$Req: java.lang.String username
com.tencent.mm.sdk.modelmsg.GetMessageFromWX$Req: GetMessageFromWX$Req()
com.tencent.mm.sdk.modelmsg.GetMessageFromWX$Req: GetMessageFromWX$Req(android.os.Bundle)
com.tencent.mm.sdk.modelmsg.GetMessageFromWX$Req: int getType()
com.tencent.mm.sdk.modelmsg.GetMessageFromWX$Req: void toBundle(android.os.Bundle)
com.tencent.mm.sdk.modelmsg.GetMessageFromWX$Req: void fromBundle(android.os.Bundle)
com.tencent.mm.sdk.modelmsg.GetMessageFromWX$Req: boolean checkArgs()
com.tencent.mm.sdk.modelmsg.GetMessageFromWX$Resp
com.tencent.mm.sdk.modelmsg.GetMessageFromWX$Resp: java.lang.String TAG
com.tencent.mm.sdk.modelmsg.GetMessageFromWX$Resp: com.tencent.mm.sdk.modelmsg.WXMediaMessage message
com.tencent.mm.sdk.modelmsg.GetMessageFromWX$Resp: GetMessageFromWX$Resp()
com.tencent.mm.sdk.modelmsg.GetMessageFromWX$Resp: GetMessageFromWX$Resp(android.os.Bundle)
com.tencent.mm.sdk.modelmsg.GetMessageFromWX$Resp: int getType()
com.tencent.mm.sdk.modelmsg.GetMessageFromWX$Resp: void fromBundle(android.os.Bundle)
com.tencent.mm.sdk.modelmsg.GetMessageFromWX$Resp: void toBundle(android.os.Bundle)
com.tencent.mm.sdk.modelmsg.GetMessageFromWX$Resp: boolean checkArgs()
com.tencent.mm.sdk.modelmsg.LaunchFromWX
com.tencent.mm.sdk.modelmsg.LaunchFromWX: LaunchFromWX()
com.tencent.mm.sdk.modelmsg.LaunchFromWX$Req
com.tencent.mm.sdk.modelmsg.LaunchFromWX$Req: LaunchFromWX$Req()
com.tencent.mm.sdk.modelmsg.LaunchFromWX$Req: LaunchFromWX$Req(android.os.Bundle)
com.tencent.mm.sdk.modelmsg.LaunchFromWX$Req: int getType()
com.tencent.mm.sdk.modelmsg.LaunchFromWX$Req: boolean checkArgs()
com.tencent.mm.sdk.modelmsg.LaunchFromWX$Resp
com.tencent.mm.sdk.modelmsg.LaunchFromWX$Resp: LaunchFromWX$Resp()
com.tencent.mm.sdk.modelmsg.LaunchFromWX$Resp: LaunchFromWX$Resp(android.os.Bundle)
com.tencent.mm.sdk.modelmsg.LaunchFromWX$Resp: int getType()
com.tencent.mm.sdk.modelmsg.LaunchFromWX$Resp: boolean checkArgs()
com.tencent.mm.sdk.modelmsg.SendAuth
com.tencent.mm.sdk.modelmsg.SendAuth: SendAuth()