proguard/mapping.txt
com.guozha.buy.BuildConfig -> com.guozha.buy.a:
    boolean DEBUG -> a
com.guozha.buy.Manifest -> com.guozha.buy.b:
com.guozha.buy.Manifest$permission -> com.guozha.buy.b$a:
    java.lang.String JPUSH_MESSAGE -> a
com.guozha.buy.R -> com.guozha.buy.R:
com.guozha.buy.R$anim -> com.guozha.buy.R$anim:
    int dialog_weight_select_in_from_bottom -> dialog_weight_select_in_from_bottom
    int dialog_weight_select_out_from_bottom -> dialog_weight_select_out_from_bottom
    int market_menu_in_anim -> market_menu_in_anim
    int market_menu_out_anim -> market_menu_out_anim
    int slide_in_left -> slide_in_left
    int slide_in_right -> slide_in_right
    int slide_out_left -> slide_out_left
    int slide_out_right -> slide_out_right
    int umeng_socialize_fade_in -> umeng_socialize_fade_in
    int umeng_socialize_fade_out -> umeng_socialize_fade_out
    int umeng_socialize_shareboard_animation_in -> umeng_socialize_shareboard_animation_in
    int umeng_socialize_shareboard_animation_out -> umeng_socialize_shareboard_animation_out
    int umeng_socialize_slide_in_from_bottom -> umeng_socialize_slide_in_from_bottom
    int umeng_socialize_slide_out_from_bottom -> umeng_socialize_slide_out_from_bottom
com.guozha.buy.R$attr -> com.guozha.buy.R$attr:
    int checkeditem -> checkeditem
    int color -> color
    int icon -> icon
    int lighticon -> lighticon
    int text -> text
    int text_size -> text_size
com.guozha.buy.R$color -> com.guozha.buy.R$color:
    int actionbar_bg_color -> actionbar_bg_color
    int actionbar_text_color -> actionbar_text_color
    int actionbar_title_color -> actionbar_title_color
    int activity_splash_bg_color -> activity_splash_bg_color
    int app_base_hint_text_color -> app_base_hint_text_color
    int app_base_nomal_background_color -> app_base_nomal_background_color
    int app_base_text_color -> app_base_text_color
    int app_base_yellow_color -> app_base_yellow_color
    int color_app_base_1 -> color_app_base_1
    int color_app_base_2 -> color_app_base_2
    int color_app_base_3 -> color_app_base_3
    int color_app_base_4 -> color_app_base_4
    int color_app_base_5 -> color_app_base_5
    int color_app_base_6 -> color_app_base_6
    int color_app_base_7 -> color_app_base_7
    int color_app_base_8 -> color_app_base_8
    int color_app_base_9 -> color_app_base_9
    int main_bottom_tab_bg_color -> main_bottom_tab_bg_color
    int main_bottom_tab_item_bg_color -> main_bottom_tab_item_bg_color
    int scroll_wheel_line_color -> scroll_wheel_line_color
    int tb_munion_item_force -> tb_munion_item_force
    int transparent -> transparent
    int umeng_socialize_color_group -> umeng_socialize_color_group
    int umeng_socialize_comments_bg -> umeng_socialize_comments_bg
    int umeng_socialize_divider -> umeng_socialize_divider
    int umeng_socialize_edit_bg -> umeng_socialize_edit_bg
com.guozha.buy.R$dimen -> com.guozha.buy.R$dimen:
    int actionbar_title_size -> actionbar_title_size
    int alphabet_size -> alphabet_size
    int app_base_text_size -> app_base_text_size
    int app_big_text_size -> app_big_text_size
    int app_nomal_text_size -> app_nomal_text_size
    int app_small_text_size -> app_small_text_size
    int dimen_global_12sp -> dimen_global_12sp
    int dimen_global_14sp -> dimen_global_14sp
    int dimen_global_16sp -> dimen_global_16sp
    int dimen_global_18sp -> dimen_global_18sp
    int dimen_global_20sp -> dimen_global_20sp
    int dimen_global_30sp -> dimen_global_30sp
    int dimen_global_39sp -> dimen_global_39sp
    int dimen_global_60sp -> dimen_global_60sp
    int umeng_socialize_pad_window_height -> umeng_socialize_pad_window_height
    int umeng_socialize_pad_window_width -> umeng_socialize_pad_window_width
...
com.umeng.socialize.view.d -> com.umeng.socialize.view.q:
    com.umeng.socialize.view.LoginAgent a -> a
    122:122:void a() -> a
    126:129:void b() -> b
com.umeng.socialize.view.e -> com.umeng.socialize.view.r:
    com.umeng.socialize.view.LoginAgent a -> a
    com.umeng.socialize.bean.SnsPlatform b -> b
    166:198:void onClick(android.view.View) -> onClick
    163:163:com.umeng.socialize.view.LoginAgent a(com.umeng.socialize.view.e) -> a
com.umeng.socialize.view.f -> com.umeng.socialize.view.s:
    com.umeng.socialize.view.e a -> a
    com.umeng.socialize.bean.SHARE_MEDIA b -> b
    173:174:void onError(com.umeng.socialize.exception.SocializeException,com.umeng.socialize.bean.SHARE_MEDIA) -> a
    178:184:void onComplete(android.os.Bundle,com.umeng.socialize.bean.SHARE_MEDIA) -> a
    188:189:void onCancel(com.umeng.socialize.bean.SHARE_MEDIA) -> a
    193:194:void onStart(com.umeng.socialize.bean.SHARE_MEDIA) -> b
com.umeng.socialize.view.g -> com.umeng.socialize.view.t:
    com.umeng.socialize.view.LoginAgent a -> a
    com.umeng.socialize.bean.SHARE_MEDIA b -> b
    211:214:void onStart() -> a
    218:229:void onComplete(int,com.umeng.socialize.bean.SocializeEntity) -> a
com.umeng.socialize.view.h -> com.umeng.socialize.view.u:
    com.umeng.socialize.view.LoginAgent a -> a
    235:236:void onStart() -> a
    240:252:void onComplete(int,com.umeng.socialize.bean.SocializeEntity) -> a
com.umeng.socialize.view.i -> com.umeng.socialize.view.v:
    com.umeng.socialize.view.LoginAgent a -> a
    261:261:int a(com.umeng.socialize.bean.SnsPlatform,com.umeng.socialize.bean.SnsPlatform) -> a
    1:1:int compare(java.lang.Object,java.lang.Object) -> compare
com.umeng.socialize.view.j -> com.umeng.socialize.view.w:
    java.lang.String a -> a
    android.webkit.WebView b -> b
    com.umeng.socialize.controller.listener.SocializeListeners$UMAuthListener c -> c
    android.view.View d -> d
    android.view.View e -> e
    android.widget.CheckBox f -> f
    int g -> g
    android.os.Bundle h -> h
    com.umeng.socialize.controller.UMSocialService i -> i
    java.lang.String j -> j
    android.content.Context k -> k
    com.umeng.socialize.bean.SHARE_MEDIA l -> l
    java.util.Set m -> m
    com.umeng.socialize.controller.listener.SocializeListeners$MulStatusListener n -> n
    java.lang.String o -> o
    java.lang.String p -> p
    java.lang.String q -> q
    java.lang.String r -> r
    android.os.Handler s -> s
    int[] t -> t
    263:289:java.lang.String a(com.umeng.socialize.bean.SocializeEntity,com.umeng.socialize.bean.SHARE_MEDIA) -> a
    295:360:boolean c() -> c
    366:366:boolean onKeyDown(int,android.view.KeyEvent) -> onKeyDown
    370:392:android.webkit.WebViewClient d() -> d
    494:502:java.lang.String a(java.lang.String) -> a
    507:536:void show() -> show
    540:564:void dismiss() -> dismiss
    567:576:void e() -> e
    584:593:void f() -> f
    77:77:android.view.View a(com.umeng.socialize.view.j) -> a
    566:566:void b(com.umeng.socialize.view.j) -> b
    72:72:java.lang.String a() -> a
    85:85:android.content.Context c(com.umeng.socialize.view.j) -> c
com.umeng.socialize.view.j$a -> com.umeng.socialize.view.w$a:
    com.umeng.socialize.view.j b -> a
    414:426:boolean shouldOverrideUrlLoading(android.webkit.WebView,java.lang.String) -> shouldOverrideUrlLoading
    432:441:void onReceivedError(android.webkit.WebView,int,java.lang.String,java.lang.String) -> onReceivedError
    445:456:void onPageStarted(android.webkit.WebView,java.lang.String,android.graphics.Bitmap) -> onPageStarted
    460:466:void onPageFinished(android.webkit.WebView,java.lang.String) -> onPageFinished
    475:482:void a(java.lang.String) -> a
com.umeng.socialize.view.k -> com.umeng.socialize.view.x:
    com.umeng.socialize.view.j a -> a
    98:109:void handleMessage(android.os.Message) -> handleMessage