proguard/usage.txt
com.guozha.buy.BuildConfig
com.guozha.buy.Manifest
com.guozha.buy.Manifest$permission
com.guozha.buy.R:
    10:10:public R()
com.guozha.buy.activity.global.BaseActivity:
    51:59:protected android.app.ActionBar customActionBarStyle(int)
    68:74:protected android.view.View customActionBarView(int)
com.guozha.buy.activity.global.ChooseMenuActivity:
    private static final java.lang.String PAGE_NAME
com.guozha.buy.activity.global.FindPwdActivity:
    private static final java.lang.String PAGE_NAME
    189:206:private void requestValidateNum(java.lang.String)
com.guozha.buy.activity.global.FindPwdActivity$2
com.guozha.buy.activity.global.LoginActivity:
    private static final java.lang.String PAGE_NAME
    public static final java.lang.String SUCCESS_TURN_INTENT
com.guozha.buy.activity.global.MainActivity$2:
    146:146:public boolean interceptTouched(float,float)
com.guozha.buy.activity.global.RegistActivity:
    private static final java.lang.String PAGE_NAME
com.guozha.buy.activity.global.SearchActivity:
    private static final java.lang.String PAGE_NAME
com.guozha.buy.activity.global.SplashActivity:
    private static final int SPLASH_TIME
    private static final int MSG_START_INIT
    private static final int MSG_TURN_MAIN
com.guozha.buy.activity.market.ListVegetableActivity:
    private static final java.lang.String PAGE_NAME
    private static final int MAX_DATA_NUM
    private static final int LOADING_ITEM_COUNT
com.guozha.buy.activity.mpage.PlanMenuActivity:
    private static final java.lang.String PAGE_NAME
com.guozha.buy.activity.mpage.SeasonActivity:
    private static final java.lang.String PAGE_NAME
    private static final int HAND_REQUEST_SEASON_PIC
    private static final int HAND_UPDATE_SEASON_PIC
com.guozha.buy.adapter.CartItemListAdapter:
    private int mTitleIndex
com.guozha.buy.adapter.OrderPayedListAdapter
com.guozha.buy.adapter.OrderUnPayedListAdapter
com.guozha.buy.db.SQLiteManager
com.guozha.buy.debug.YoumengDeviceManager:
    6:6:public YoumengDeviceManager()
com.guozha.buy.dialog.CustomDialog:
    29:32:public CustomDialog(android.content.Context,int,int)
    35:35:public android.app.AlertDialog$Builder getBuilder()
com.guozha.buy.entry.PreSpecialItem
com.guozha.buy.entry.QuickMenus:
    29:30:public void setId(java.lang.String)
    37:38:public void setShowName(java.lang.String)
    41:41:public java.lang.String getCategoryId()
    45:46:public void setCategoryId(java.lang.String)
com.guozha.buy.entry.VegetableInfo:
    9:9:public int getImageId()
    15:15:public java.lang.String getVegetableName()
com.guozha.buy.entry.cart.CartBaseItem:
    40:41:public void setItemId(java.lang.String)
    46:47:public void setItemName(java.lang.String)
    49:49:public int getItemCount()
    52:53:public void setItemCount(int)
    55:55:public java.lang.String getItemUnit()
    58:59:public void setItemUnit(java.lang.String)
    62:62:public java.lang.String getItemPrice()
    66:67:public void setItemPrice(java.lang.String)
    74:75:public void setItemType(com.guozha.buy.entry.cart.CartBaseItem$CartItemType)
com.guozha.buy.entry.cart.CartCookItem:
    26:27:public void setCookMaterials(java.util.List)
com.guozha.buy.entry.cart.CartCookMaterial:
    25:25:public java.lang.String getMaterialId()
    28:29:public void setMaterialId(java.lang.String)
    34:35:public void setMaterialName(java.lang.String)
    37:37:public java.lang.String getMaterialCount()
    40:41:public void setMaterialCount(java.lang.String)
    43:43:public java.lang.String getMaterialUnit()
    46:47:public void setMaterialUnit(java.lang.String)
com.guozha.buy.entry.global.ConfigXML
...
android.support.v4.app.NotificationManagerCompat$ImplEclair
android.support.v4.app.NotificationManagerCompat$ImplIceCreamSandwich
android.support.v4.app.NotificationManagerCompat$NotifyTask
android.support.v4.app.NotificationManagerCompat$ServiceConnectedEvent
android.support.v4.app.NotificationManagerCompat$SideChannelManager
android.support.v4.app.NotificationManagerCompat$SideChannelManager$ListenerRecord
android.support.v4.app.NotificationManagerCompat$Task
android.support.v4.app.NotificationManagerCompatEclair
android.support.v4.app.NotificationManagerCompatIceCreamSandwich
android.support.v4.app.RemoteInput
android.support.v4.app.RemoteInput$1
android.support.v4.app.RemoteInput$Builder
android.support.v4.app.RemoteInput$Impl
android.support.v4.app.RemoteInput$ImplApi20
android.support.v4.app.RemoteInput$ImplBase
android.support.v4.app.RemoteInput$ImplJellybean
android.support.v4.app.RemoteInputCompatApi20
android.support.v4.app.RemoteInputCompatBase
android.support.v4.app.RemoteInputCompatBase$RemoteInput
android.support.v4.app.RemoteInputCompatBase$RemoteInput$Factory
android.support.v4.app.RemoteInputCompatJellybean
android.support.v4.app.ServiceCompat
android.support.v4.app.ShareCompat
android.support.v4.app.ShareCompat$IntentBuilder
android.support.v4.app.ShareCompat$IntentReader
android.support.v4.app.ShareCompat$ShareCompatImpl
android.support.v4.app.ShareCompat$ShareCompatImplBase
android.support.v4.app.ShareCompat$ShareCompatImplICS
android.support.v4.app.ShareCompat$ShareCompatImplJB
android.support.v4.app.ShareCompatICS
android.support.v4.app.ShareCompatJB
android.support.v4.app.SharedElementCallback:
    private android.graphics.Matrix mTempMatrix
    39:39:public SharedElementCallback()
    106:106:public void onRejectSharedElements(java.util.List)
    141:155:public android.os.Parcelable onCaptureSharedElementSnapshot(android.view.View,android.graphics.Matrix,android.graphics.RectF)
    176:182:public android.view.View onCreateSnapshotView(android.content.Context,android.os.Parcelable)
android.support.v4.app.TaskStackBuilder
android.support.v4.app.TaskStackBuilder$SupportParentable
android.support.v4.app.TaskStackBuilder$TaskStackBuilderImpl
android.support.v4.app.TaskStackBuilder$TaskStackBuilderImplBase
android.support.v4.app.TaskStackBuilder$TaskStackBuilderImplHoneycomb
android.support.v4.app.TaskStackBuilder$TaskStackBuilderImplJellybean
android.support.v4.app.TaskStackBuilderHoneycomb
android.support.v4.app.TaskStackBuilderJellybean
android.support.v4.content.AsyncTaskLoader
android.support.v4.content.AsyncTaskLoader$LoadTask
android.support.v4.content.ContextCompat:
    private static final java.lang.String TAG
    private static final java.lang.String DIR_ANDROID
    private static final java.lang.String DIR_DATA
    private static final java.lang.String DIR_OBB
    private static final java.lang.String DIR_FILES
    private static final java.lang.String DIR_CACHE
    36:36:public ContextCompat()
    71:71:public static boolean startActivities(android.content.Context,android.content.Intent[])
    103:111:public static boolean startActivities(android.content.Context,android.content.Intent[],android.os.Bundle)
    158:169:public static java.io.File[] getObbDirs(android.content.Context)
    218:229:public static java.io.File[] getExternalFilesDirs(android.content.Context,java.lang.String)
    278:289:public static java.io.File[] getExternalCacheDirs(android.content.Context)
    294:302:private static varargs java.io.File buildPath(java.io.File,java.lang.String[])
    342:347:public final java.io.File getNoBackupFilesDir(android.content.Context)
    367:372:public final java.io.File getCodeCacheDir(android.content.Context)
    377:387:private static synchronized java.io.File createFilesDir(java.io.File)